Using pre-set license
Built from '2020.3/release' branch; Version is '2020.3.34f1 (9a4c9c70452b) revision 10112156'; Using compiler version '192528614'; Build Type 'Release'
OS: 'Windows 10  (10.0.19043) 64bit Professional' Language: 'ko' Physical Memory: 32710 MB
BatchMode: 1, IsHumanControllingUs: 0, StartBugReporterOnCrash: 0, Is64bit: 1, IsPro: 0

COMMAND LINE ARGUMENTS:
C:\Program Files\Unity\Hub\Editor\2020.3.34f1\Editor\Unity.exe
-adb2
-batchMode
-noUpm
-name
AssetImportWorker0
-projectPath
C:/Users/관리자/Desktop/유미/아주대 3-1/IMP/VR_Project/vrProject
-logFile
Logs/AssetImportWorker0.log
-srvPort
64645
Successfully changed project path to: C:/Users/관리자/Desktop/유미/아주대 3-1/IMP/VR_Project/vrProject
C:/Users/관리자/Desktop/유미/아주대 3-1/IMP/VR_Project/vrProject
Using Asset Import Pipeline V2.
Refreshing native plugins compatible for Editor in 105.15 ms, found 5 plugins.
Preloading 1 native plugins for Editor in 1.26 ms.
Initialize engine version: 2020.3.34f1 (9a4c9c70452b)
[Subsystems] Discovering subsystems at path C:/Program Files/Unity/Hub/Editor/2020.3.34f1/Editor/Data/Resources/UnitySubsystems
[Subsystems] Discovering subsystems at path C:/Users/관리자/Desktop/유미/아주대 3-1/IMP/VR_Project/vrProject/Assets
GfxDevice: creating device client; threaded=0
Direct3D:
    Version:  Direct3D 11.0 [level 11.1]
    Renderer: Radeon RX 570 Series (ID=0x67df)
    Vendor:   
    VRAM:     4041 MB
    Driver:   26.20.13002.133
Initialize mono
Mono path[0] = 'C:/Program Files/Unity/Hub/Editor/2020.3.34f1/Editor/Data/Managed'
Mono path[1] = 'C:/Program Files/Unity/Hub/Editor/2020.3.34f1/Editor/Data/MonoBleedingEdge/lib/mono/unityjit'
Mono config path = 'C:/Program Files/Unity/Hub/Editor/2020.3.34f1/Editor/Data/MonoBleedingEdge/etc'
Using monoOptions --debugger-agent=transport=dt_socket,embedding=1,server=y,suspend=n,address=127.0.0.1:56300
Begin MonoManager ReloadAssembly
Registering precompiled unity dll's ...
Register platform support module: C:/Program Files/Unity/Hub/Editor/2020.3.34f1/Editor/Data/PlaybackEngines/WindowsStandaloneSupport/UnityEditor.WindowsStandalone.Extensions.dll
Registered in 0.004901 seconds.
Native extension for WindowsStandalone target not found
Refreshing native plugins compatible for Editor in 105.04 ms, found 5 plugins.
Preloading 1 native plugins for Editor in 0.10 ms.
Mono: successfully reloaded assembly
- Completed reload, in  1.242 seconds
Domain Reload Profiling:
	ReloadAssembly (1242ms)
		BeginReloadAssembly (85ms)
			ExecutionOrderSort (0ms)
			DisableScriptedObjects (0ms)
			BackupInstance (0ms)
			ReleaseScriptingObjects (0ms)
			CreateAndSetChildDomain (1ms)
		EndReloadAssembly (1066ms)
			LoadAssemblies (81ms)
			RebuildTransferFunctionScriptingTraits (0ms)
			SetupTypeCache (165ms)
			ReleaseScriptCaches (0ms)
			RebuildScriptCaches (375ms)
			SetupLoadedEditorAssemblies (352ms)
				LogAssemblyErrors (0ms)
				InitializePlatformSupportModulesInManaged (14ms)
				SetLoadedEditorAssemblies (0ms)
				RefreshPlugins (105ms)
				BeforeProcessingInitializeOnLoad (29ms)
				ProcessInitializeOnLoadAttributes (109ms)
				ProcessInitializeOnLoadMethodAttributes (93ms)
				AfterProcessingInitializeOnLoad (0ms)
				EditorAssembliesLoaded (0ms)
			ExecutionOrderSort2 (0ms)
			AwakeInstancesAfterBackupRestoration (0ms)
Platform modules already initialized, skipping
Registering precompiled user dll's ...
Registered in 0.009802 seconds.
Begin MonoManager ReloadAssembly
Native extension for WindowsStandalone target not found
Refreshing native plugins compatible for Editor in 66.42 ms, found 5 plugins.
Preloading 1 native plugins for Editor in 0.10 ms.
[XR] OculusXRPlugin: registering subsystems
[XR] Unable to register display lifecyle provider: [1]
[XR] Oculus Input lifecycle provider registered.
[XR] Unable to register input lifecyle provider: [1]
System.Reflection.TargetInvocationException: Exception has been thrown by the target of an invocation. ---> System.NullReferenceException: Object reference not set to an instance of an object
  at Unity.XR.Oculus.OculusLoader.AssetPathToAbsolutePath (System.String assetPath) [0x00048] in C:\Users\관리자\Desktop\유미\아주대 3-1\IMP\VR_Project\vrProject\Library\PackageCache\com.unity.xr.oculus@1.12.0\Runtime\OculusLoader.cs:251 
  at Unity.XR.Oculus.OculusLoader.EditorLoadOVRPlugin () [0x0007b] in C:\Users\관리자\Desktop\유미\아주대 3-1\IMP\VR_Project\vrProject\Library\PackageCache\com.unity.xr.oculus@1.12.0\Runtime\OculusLoader.cs:236 
  at (wrapper managed-to-native) System.Reflection.MonoMethod.InternalInvoke(System.Reflection.MonoMethod,object,object[],System.Exception&)
  at System.Reflection.MonoMethod.Invoke (System.Object obj, System.Reflection.BindingFlags invokeAttr, System.Reflection.Binder binder, System.Object[] parameters, System.Globalization.CultureInfo culture) [0x00032] in <695d1cc93cca45069c528c15c9fdd749>:0 
   --- End of inner exception stack trace ---
  at System.Reflection.MonoMethod.Invoke (System.Object obj, System.Reflection.BindingFlags invokeAttr, System.Reflection.Binder binder, System.Object[] parameters, System.Globalization.CultureInfo culture) [0x00048] in <695d1cc93cca45069c528c15c9fdd749>:0 
  at System.Reflection.MethodBase.Invoke (System.Object obj, System.Object[] parameters) [0x00000] in <695d1cc93cca45069c528c15c9fdd749>:0 
  at UnityEditor.EditorAssemblies.ProcessInitializeOnLoadMethodAttributes () [0x00047] in <a5bc71bb4d98498aba1f868b89d20d47>:0 
UnityEngine.StackTraceUtility:ExtractStackTrace ()
UnityEngine.DebugLogHandler:LogFormat (UnityEngine.LogType,UnityEngine.Object,string,object[])
UnityEngine.Logger:Log (UnityEngine.LogType,object)
UnityEngine.Debug:LogError (object)
UnityEditor.EditorAssemblies:ProcessInitializeOnLoadMethodAttributes ()

Mono: successfully reloaded assembly
- Completed reload, in  1.470 seconds
Domain Reload Profiling:
	ReloadAssembly (1472ms)
		BeginReloadAssembly (254ms)
			ExecutionOrderSort (0ms)
			DisableScriptedObjects (5ms)
			BackupInstance (0ms)
			ReleaseScriptingObjects (0ms)
			CreateAndSetChildDomain (21ms)
		EndReloadAssembly (1144ms)
			LoadAssemblies (186ms)
			RebuildTransferFunctionScriptingTraits (0ms)
			SetupTypeCache (380ms)
			ReleaseScriptCaches (1ms)
			RebuildScriptCaches (55ms)
			SetupLoadedEditorAssemblies (464ms)
				LogAssemblyErrors (0ms)
				InitializePlatformSupportModulesInManaged (4ms)
				SetLoadedEditorAssemblies (0ms)
				RefreshPlugins (67ms)
				BeforeProcessingInitializeOnLoad (114ms)
				ProcessInitializeOnLoadAttributes (244ms)
				ProcessInitializeOnLoadMethodAttributes (25ms)
				AfterProcessingInitializeOnLoad (10ms)
				EditorAssembliesLoaded (0ms)
			ExecutionOrderSort2 (0ms)
			AwakeInstancesAfterBackupRestoration (1ms)
Platform modules already initialized, skipping
========================================================================
Worker process is ready to serve import requests
Launched and connected shader compiler UnityShaderCompiler.exe after 0.05 seconds
Refreshing native plugins compatible for Editor in 0.67 ms, found 5 plugins.
Preloading 1 native plugins for Editor in 0.11 ms.
Unloading 3550 Unused Serialized files (Serialized files now loaded: 0)
System memory in use before: 151.8 MB.
System memory in use after: 148.8 MB.

Unloading 58 unused Assets to reduce memory usage. Loaded Objects now: 3948.
Total: 4.528600 ms (FindLiveObjects: 0.237300 ms CreateObjectMapping: 0.170800 ms MarkObjects: 2.811600 ms  DeleteObjects: 1.308100 ms)

AssetImportParameters requested are different than current active one (requested -> active):
  custom:framework-win-MediaFoundation: 216162199b28c13a410421893ffa2e32 -> 
  custom:video-decoder-ogg-theora: a1e56fd34408186e4bbccfd4996cb3dc -> 
  custom:container-muxer-webm: aa71ff27fc2769a1b78a27578f13a17b -> 
  custom:container-demuxer-webm: 4f35f7cbe854078d1ac9338744f61a02 -> 
  custom:container-demuxer-ogg: 62fdf1f143b41e24485cea50d1cbac27 -> 
  custom:video-encoder-webm-vp8: eb34c28f22e8b96e1ab97ce403110664 -> 
  custom:video-decoder-webm-vp8: 9c59270c3fd7afecdb556c50c9e8de78 -> 
  custom:audio-decoder-ogg-vorbis: bf7c407c2cedff20999df2af8eb42d56 -> 
  custom:audio-encoder-webm-vorbis: bf7c407c2cedff20999df2af8eb42d56 -> 
========================================================================
Received Import Request.
  path: Assets/Samples/XR Interaction Toolkit/2.0.2/Starter Assets/XRI Default Left Controller.preset
  artifactKey: Guid(ffd8268f7307a0c48a067dad4a8fe060) Importer(815301076,1909f56bfc062723c751e8b465ee728b)
Start importing Assets/Samples/XR Interaction Toolkit/2.0.2/Starter Assets/XRI Default Left Controller.preset using Guid(ffd8268f7307a0c48a067dad4a8fe060) Importer(815301076,1909f56bfc062723c751e8b465ee728b)  -> (artifact id: 'da23bb4005e61638a6b440ebe73d397d') in 0.066635 seconds 
========================================================================
Received Import Request.
  Time since last request: 0.000303 seconds.
  path: Assets/Samples/XR Interaction Toolkit/2.0.2/Starter Assets/XRI Default Continuous Move.preset
  artifactKey: Guid(91f9da00cfdac5d49955df2d2d820b9c) Importer(815301076,1909f56bfc062723c751e8b465ee728b)
Start importing Assets/Samples/XR Interaction Toolkit/2.0.2/Starter Assets/XRI Default Continuous Move.preset using Guid(91f9da00cfdac5d49955df2d2d820b9c) Importer(815301076,1909f56bfc062723c751e8b465ee728b)  -> (artifact id: '7da3fe9c90d3328ccbda1acb67679066') in 0.008193 seconds 
========================================================================
Received Import Request.
  Time since last request: 0.000283 seconds.
  path: Assets/Samples/XR Interaction Toolkit/2.0.2/Starter Assets/XRI Default Snap Turn.preset
  artifactKey: Guid(18697d253d848974aa7052cba872c9f0) Importer(815301076,1909f56bfc062723c751e8b465ee728b)
Start importing Assets/Samples/XR Interaction Toolkit/2.0.2/Starter Assets/XRI Default Snap Turn.preset using Guid(18697d253d848974aa7052cba872c9f0) Importer(815301076,1909f56bfc062723c751e8b465ee728b)  -> (artifact id: '16670b800db6788a6c2019e24f3b4ddb') in 0.008873 seconds 
========================================================================
Received Import Request.
  Time since last request: 0.000247 seconds.
  path: Assets/Samples/XR Interaction Toolkit/2.0.2/Starter Assets/XRI Default Input Actions.inputactions
  artifactKey: Guid(c348712bda248c246b8c49b3db54643f) Importer(815301076,1909f56bfc062723c751e8b465ee728b)
Start importing Assets/Samples/XR Interaction Toolkit/2.0.2/Starter Assets/XRI Default Input Actions.inputactions using Guid(c348712bda248c246b8c49b3db54643f) Importer(815301076,1909f56bfc062723c751e8b465ee728b)  -> (artifact id: 'd40b45828d94aad6783c4c704950c184') in 0.015904 seconds 
========================================================================
Received Import Request.
  Time since last request: 0.000259 seconds.
  path: Assets/Samples/XR Interaction Toolkit/2.0.2/Starter Assets/XRI Default Continuous Turn.preset
  artifactKey: Guid(0caad3af14f9a414dbdf25ed41e5aa47) Importer(815301076,1909f56bfc062723c751e8b465ee728b)
Start importing Assets/Samples/XR Interaction Toolkit/2.0.2/Starter Assets/XRI Default Continuous Turn.preset using Guid(0caad3af14f9a414dbdf25ed41e5aa47) Importer(815301076,1909f56bfc062723c751e8b465ee728b)  -> (artifact id: 'e4ccefdc474ceb738a43be42fa0dd200') in 0.007479 seconds 
========================================================================
Received Import Request.
  Time since last request: 0.000264 seconds.
  path: Assets/Samples/XR Interaction Toolkit/2.0.2/Starter Assets/XRI Default Right Controller.preset
  artifactKey: Guid(1421ad86ff3787b4dae70fe9e699a25f) Importer(815301076,1909f56bfc062723c751e8b465ee728b)
Start importing Assets/Samples/XR Interaction Toolkit/2.0.2/Starter Assets/XRI Default Right Controller.preset using Guid(1421ad86ff3787b4dae70fe9e699a25f) Importer(815301076,1909f56bfc062723c751e8b465ee728b)  -> (artifact id: 'c95707fcd6162d51b579bd0bf92def4f') in 0.009336 seconds 
========================================================================
Received Import Request.
  Time since last request: 28.578378 seconds.
  path: Assets/Readme.asset
  artifactKey: Guid(83c2ed844a8c74b779a4c823d16594b1) Importer(815301076,1909f56bfc062723c751e8b465ee728b)
Start importing Assets/Readme.asset using Guid(83c2ed844a8c74b779a4c823d16594b1) Importer(815301076,1909f56bfc062723c751e8b465ee728b)  -> (artifact id: '7c3b9f17ff219922461d349995487975') in 0.008500 seconds 
========================================================================
Received Prepare
Registering precompiled user dll's ...
Registered in 0.006879 seconds.
Begin MonoManager ReloadAssembly
Native extension for WindowsStandalone target not found
Refreshing native plugins compatible for Editor in 0.99 ms, found 5 plugins.
Preloading 1 native plugins for Editor in 0.15 ms.
System.Reflection.TargetInvocationException: Exception has been thrown by the target of an invocation. ---> System.NullReferenceException: Object reference not set to an instance of an object
  at Unity.XR.Oculus.OculusLoader.AssetPathToAbsolutePath (System.String assetPath) [0x00048] in C:\Users\관리자\Desktop\유미\아주대 3-1\IMP\VR_Project\vrProject\Library\PackageCache\com.unity.xr.oculus@1.12.0\Runtime\OculusLoader.cs:251 
  at Unity.XR.Oculus.OculusLoader.EditorLoadOVRPlugin () [0x0007b] in C:\Users\관리자\Desktop\유미\아주대 3-1\IMP\VR_Project\vrProject\Library\PackageCache\com.unity.xr.oculus@1.12.0\Runtime\OculusLoader.cs:236 
  at (wrapper managed-to-native) System.Reflection.MonoMethod.InternalInvoke(System.Reflection.MonoMethod,object,object[],System.Exception&)
  at System.Reflection.MonoMethod.Invoke (System.Object obj, System.Reflection.BindingFlags invokeAttr, System.Reflection.Binder binder, System.Object[] parameters, System.Globalization.CultureInfo culture) [0x00032] in <695d1cc93cca45069c528c15c9fdd749>:0 
   --- End of inner exception stack trace ---
  at System.Reflection.MonoMethod.Invoke (System.Object obj, System.Reflection.BindingFlags invokeAttr, System.Reflection.Binder binder, System.Object[] parameters, System.Globalization.CultureInfo culture) [0x00048] in <695d1cc93cca45069c528c15c9fdd749>:0 
  at System.Reflection.MethodBase.Invoke (System.Object obj, System.Object[] parameters) [0x00000] in <695d1cc93cca45069c528c15c9fdd749>:0 
  at UnityEditor.EditorAssemblies.ProcessInitializeOnLoadMethodAttributes () [0x00047] in <a5bc71bb4d98498aba1f868b89d20d47>:0 
UnityEngine.StackTraceUtility:ExtractStackTrace ()
UnityEngine.DebugLogHandler:LogFormat (UnityEngine.LogType,UnityEngine.Object,string,object[])
UnityEngine.Logger:Log (UnityEngine.LogType,object)
UnityEngine.Debug:LogError (object)
UnityEditor.EditorAssemblies:ProcessInitializeOnLoadMethodAttributes ()

Mono: successfully reloaded assembly
- Completed reload, in  1.395 seconds
Domain Reload Profiling:
	ReloadAssembly (1396ms)
		BeginReloadAssembly (327ms)
			ExecutionOrderSort (0ms)
			DisableScriptedObjects (5ms)
			BackupInstance (0ms)
			ReleaseScriptingObjects (0ms)
			CreateAndSetChildDomain (130ms)
		EndReloadAssembly (988ms)
			LoadAssemblies (161ms)
			RebuildTransferFunctionScriptingTraits (0ms)
			SetupTypeCache (333ms)
			ReleaseScriptCaches (1ms)
			RebuildScriptCaches (48ms)
			SetupLoadedEditorAssemblies (377ms)
				LogAssemblyErrors (0ms)
				InitializePlatformSupportModulesInManaged (4ms)
				SetLoadedEditorAssemblies (1ms)
				RefreshPlugins (1ms)
				BeforeProcessingInitializeOnLoad (104ms)
				ProcessInitializeOnLoadAttributes (235ms)
				ProcessInitializeOnLoadMethodAttributes (23ms)
				AfterProcessingInitializeOnLoad (9ms)
				EditorAssembliesLoaded (0ms)
			ExecutionOrderSort2 (0ms)
			AwakeInstancesAfterBackupRestoration (5ms)
Platform modules already initialized, skipping
Refreshing native plugins compatible for Editor in 0.71 ms, found 5 plugins.
Preloading 1 native plugins for Editor in 0.11 ms.
Unloading 3483 Unused Serialized files (Serialized files now loaded: 0)
System memory in use before: 148.5 MB.
System memory in use after: 145.6 MB.

Unloading 51 unused Assets to reduce memory usage. Loaded Objects now: 3970.
Total: 4.946400 ms (FindLiveObjects: 0.253200 ms CreateObjectMapping: 0.160500 ms MarkObjects: 3.200200 ms  DeleteObjects: 1.331400 ms)

AssetImportParameters requested are different than current active one (requested -> active):
  custom:framework-win-MediaFoundation: 216162199b28c13a410421893ffa2e32 -> 
  custom:video-decoder-ogg-theora: a1e56fd34408186e4bbccfd4996cb3dc -> 
  custom:container-muxer-webm: aa71ff27fc2769a1b78a27578f13a17b -> 
  custom:container-demuxer-webm: 4f35f7cbe854078d1ac9338744f61a02 -> 
  custom:container-demuxer-ogg: 62fdf1f143b41e24485cea50d1cbac27 -> 
  custom:video-encoder-webm-vp8: eb34c28f22e8b96e1ab97ce403110664 -> 
  custom:video-decoder-webm-vp8: 9c59270c3fd7afecdb556c50c9e8de78 -> 
  custom:audio-decoder-ogg-vorbis: bf7c407c2cedff20999df2af8eb42d56 -> 
  custom:audio-encoder-webm-vorbis: bf7c407c2cedff20999df2af8eb42d56 -> 
========================================================================
Received Import Request.
  Time since last request: 437.944651 seconds.
  path: Assets/VRKeys
  artifactKey: Guid(ee013824c827bb9458055de3df1762e0) Importer(815301076,1909f56bfc062723c751e8b465ee728b)
Start importing Assets/VRKeys using Guid(ee013824c827bb9458055de3df1762e0) Importer(815301076,1909f56bfc062723c751e8b465ee728b)  -> (artifact id: 'f09f982256eabb69391e7daa781adb6d') in 0.006719 seconds 
========================================================================
Received Import Request.
  Time since last request: 5.713843 seconds.
  path: Assets/KeyBoard
  artifactKey: Guid(ee013824c827bb9458055de3df1762e0) Importer(815301076,1909f56bfc062723c751e8b465ee728b)
Start importing Assets/KeyBoard using Guid(ee013824c827bb9458055de3df1762e0) Importer(815301076,1909f56bfc062723c751e8b465ee728b)  -> (artifact id: '61ebb31d1f071e3da5e6b1a444d93fb7') in 0.004239 seconds 
========================================================================
Received Prepare
Registering precompiled user dll's ...
Registered in 0.007630 seconds.
Begin MonoManager ReloadAssembly
Native extension for WindowsStandalone target not found
Refreshing native plugins compatible for Editor in 0.67 ms, found 5 plugins.
Preloading 1 native plugins for Editor in 0.11 ms.
System.Reflection.TargetInvocationException: Exception has been thrown by the target of an invocation. ---> System.NullReferenceException: Object reference not set to an instance of an object
  at Unity.XR.Oculus.OculusLoader.AssetPathToAbsolutePath (System.String assetPath) [0x00048] in C:\Users\관리자\Desktop\유미\아주대 3-1\IMP\VR_Project\vrProject\Library\PackageCache\com.unity.xr.oculus@1.12.0\Runtime\OculusLoader.cs:251 
  at Unity.XR.Oculus.OculusLoader.EditorLoadOVRPlugin () [0x0007b] in C:\Users\관리자\Desktop\유미\아주대 3-1\IMP\VR_Project\vrProject\Library\PackageCache\com.unity.xr.oculus@1.12.0\Runtime\OculusLoader.cs:236 
  at (wrapper managed-to-native) System.Reflection.MonoMethod.InternalInvoke(System.Reflection.MonoMethod,object,object[],System.Exception&)
  at System.Reflection.MonoMethod.Invoke (System.Object obj, System.Reflection.BindingFlags invokeAttr, System.Reflection.Binder binder, System.Object[] parameters, System.Globalization.CultureInfo culture) [0x00032] in <695d1cc93cca45069c528c15c9fdd749>:0 
   --- End of inner exception stack trace ---
  at System.Reflection.MonoMethod.Invoke (System.Object obj, System.Reflection.BindingFlags invokeAttr, System.Reflection.Binder binder, System.Object[] parameters, System.Globalization.CultureInfo culture) [0x00048] in <695d1cc93cca45069c528c15c9fdd749>:0 
  at System.Reflection.MethodBase.Invoke (System.Object obj, System.Object[] parameters) [0x00000] in <695d1cc93cca45069c528c15c9fdd749>:0 
  at UnityEditor.EditorAssemblies.ProcessInitializeOnLoadMethodAttributes () [0x00047] in <a5bc71bb4d98498aba1f868b89d20d47>:0 
UnityEngine.StackTraceUtility:ExtractStackTrace ()
UnityEngine.DebugLogHandler:LogFormat (UnityEngine.LogType,UnityEngine.Object,string,object[])
UnityEngine.Logger:Log (UnityEngine.LogType,object)
UnityEngine.Debug:LogError (object)
UnityEditor.EditorAssemblies:ProcessInitializeOnLoadMethodAttributes ()

Mono: successfully reloaded assembly
- Completed reload, in  1.172 seconds
Domain Reload Profiling:
	ReloadAssembly (1173ms)
		BeginReloadAssembly (132ms)
			ExecutionOrderSort (0ms)
			DisableScriptedObjects (4ms)
			BackupInstance (0ms)
			ReleaseScriptingObjects (0ms)
			CreateAndSetChildDomain (35ms)
		EndReloadAssembly (972ms)
			LoadAssemblies (118ms)
			RebuildTransferFunctionScriptingTraits (0ms)
			SetupTypeCache (315ms)
			ReleaseScriptCaches (1ms)
			RebuildScriptCaches (44ms)
			SetupLoadedEditorAssemblies (401ms)
				LogAssemblyErrors (0ms)
				InitializePlatformSupportModulesInManaged (4ms)
				SetLoadedEditorAssemblies (0ms)
				RefreshPlugins (1ms)
				BeforeProcessingInitializeOnLoad (103ms)
				ProcessInitializeOnLoadAttributes (258ms)
				ProcessInitializeOnLoadMethodAttributes (25ms)
				AfterProcessingInitializeOnLoad (11ms)
				EditorAssembliesLoaded (0ms)
			ExecutionOrderSort2 (0ms)
			AwakeInstancesAfterBackupRestoration (5ms)
Platform modules already initialized, skipping
Refreshing native plugins compatible for Editor in 0.68 ms, found 5 plugins.
Preloading 1 native plugins for Editor in 0.10 ms.
Unloading 3483 Unused Serialized files (Serialized files now loaded: 0)
System memory in use before: 148.6 MB.
System memory in use after: 145.7 MB.

Unloading 51 unused Assets to reduce memory usage. Loaded Objects now: 3974.
Total: 4.952300 ms (FindLiveObjects: 0.250200 ms CreateObjectMapping: 0.163200 ms MarkObjects: 3.166200 ms  DeleteObjects: 1.371900 ms)

AssetImportParameters requested are different than current active one (requested -> active):
  custom:framework-win-MediaFoundation: 216162199b28c13a410421893ffa2e32 -> 
  custom:video-decoder-ogg-theora: a1e56fd34408186e4bbccfd4996cb3dc -> 
  custom:container-muxer-webm: aa71ff27fc2769a1b78a27578f13a17b -> 
  custom:container-demuxer-webm: 4f35f7cbe854078d1ac9338744f61a02 -> 
  custom:container-demuxer-ogg: 62fdf1f143b41e24485cea50d1cbac27 -> 
  custom:video-encoder-webm-vp8: eb34c28f22e8b96e1ab97ce403110664 -> 
  custom:video-decoder-webm-vp8: 9c59270c3fd7afecdb556c50c9e8de78 -> 
  custom:audio-decoder-ogg-vorbis: bf7c407c2cedff20999df2af8eb42d56 -> 
  custom:audio-encoder-webm-vorbis: bf7c407c2cedff20999df2af8eb42d56 -> 
========================================================================
Received Import Request.
  Time since last request: 8.931697 seconds.
  path: Assets/KeyBoard/README.md
  artifactKey: Guid(65203e80f9522be4abebef33c7859669) Importer(815301076,1909f56bfc062723c751e8b465ee728b)
Start importing Assets/KeyBoard/README.md using Guid(65203e80f9522be4abebef33c7859669) Importer(815301076,1909f56bfc062723c751e8b465ee728b)  -> (artifact id: '18c4575afd3f6cb22696b0988140e8a7') in 0.017914 seconds 
========================================================================
Received Import Request.
  Time since last request: 43.273303 seconds.
  path: Assets/KeyBoard/Prefabs
  artifactKey: Guid(e4cdea08eb9b33544bec0e63b242478c) Importer(815301076,1909f56bfc062723c751e8b465ee728b)
Start importing Assets/KeyBoard/Prefabs using Guid(e4cdea08eb9b33544bec0e63b242478c) Importer(815301076,1909f56bfc062723c751e8b465ee728b)  -> (artifact id: 'f95f937a59c7461897ecc72d4848d75e') in 0.003760 seconds 
========================================================================
Received Import Request.
  Time since last request: 0.086464 seconds.
  path: Assets/KeyBoard/Prefabs/VRKeys.prefab
  artifactKey: Guid(f28287b1c722ebd4aa4f4d8547ed7fa8) Importer(815301076,1909f56bfc062723c751e8b465ee728b)
Start importing Assets/KeyBoard/Prefabs/VRKeys.prefab using Guid(f28287b1c722ebd4aa4f4d8547ed7fa8) Importer(815301076,1909f56bfc062723c751e8b465ee728b)  -> (artifact id: '36fb4c1eb55d27ee263915b13297f87c') in 0.055779 seconds 
========================================================================
Received Import Request.
  Time since last request: 10.917181 seconds.
  path: Assets/KeyBoard/Materials/KeyActiveMat.mat
  artifactKey: Guid(157abfb689445624c97d685110ed6172) Importer(815301076,1909f56bfc062723c751e8b465ee728b)
Start importing Assets/KeyBoard/Materials/KeyActiveMat.mat using Guid(157abfb689445624c97d685110ed6172) Importer(815301076,1909f56bfc062723c751e8b465ee728b)  -> (artifact id: '66fa44b1c2de1a6c8967fe84c296667f') in 0.241249 seconds 
========================================================================
Received Import Request.
  Time since last request: 0.000326 seconds.
  path: Assets/KeyBoard/Materials/KeyInactiveMat.mat
  artifactKey: Guid(021552db260a9654ea7d9d472e44eb58) Importer(815301076,1909f56bfc062723c751e8b465ee728b)
Start importing Assets/KeyBoard/Materials/KeyInactiveMat.mat using Guid(021552db260a9654ea7d9d472e44eb58) Importer(815301076,1909f56bfc062723c751e8b465ee728b)  -> (artifact id: '10b90a4975c9b6db7fa90aba71e5c1b0') in 0.012894 seconds 
========================================================================
Received Import Request.
  Time since last request: 0.000285 seconds.
  path: Assets/KeyBoard/Materials/KeyboardTextMat.mat
  artifactKey: Guid(55f2d017b57e3b14aa7421b691236b64) Importer(815301076,1909f56bfc062723c751e8b465ee728b)
Start importing Assets/KeyBoard/Materials/KeyboardTextMat.mat using Guid(55f2d017b57e3b14aa7421b691236b64) Importer(815301076,1909f56bfc062723c751e8b465ee728b)  -> (artifact id: '4bf2f15aab44ae5c0a2fbbcf2cab42b9') in 0.035953 seconds 
========================================================================
Received Import Request.
  Time since last request: 0.000253 seconds.
  path: Assets/KeyBoard/Materials/KeyDisabledMat.mat
  artifactKey: Guid(05726c44b31fc344db9d054567e02ee4) Importer(815301076,1909f56bfc062723c751e8b465ee728b)
Start importing Assets/KeyBoard/Materials/KeyDisabledMat.mat using Guid(05726c44b31fc344db9d054567e02ee4) Importer(815301076,1909f56bfc062723c751e8b465ee728b)  -> (artifact id: '4319bbd70a8fb8eea7688797477c6d25') in 0.015478 seconds 
========================================================================
Received Import Request.
  Time since last request: 1.697091 seconds.
  path: Assets/KeyBoard/Audio/Tick.wav
  artifactKey: Guid(3432185da42c61f4aa9e8c9da931dd8e) Importer(815301076,1909f56bfc062723c751e8b465ee728b)
Start importing Assets/KeyBoard/Audio/Tick.wav using Guid(3432185da42c61f4aa9e8c9da931dd8e) Importer(815301076,1909f56bfc062723c751e8b465ee728b)  -> (artifact id: 'b0cf4e6570dcc9961bd5091f9afa25d5') in 0.029321 seconds 
========================================================================
Received Import Request.
  Time since last request: 1.792515 seconds.
  path: Assets/KeyBoard/Textures/vrkeys-screenshot.png
  artifactKey: Guid(3b6f3117e04aba0489f45e1529e0b5e4) Importer(815301076,1909f56bfc062723c751e8b465ee728b)
Start importing Assets/KeyBoard/Textures/vrkeys-screenshot.png using Guid(3b6f3117e04aba0489f45e1529e0b5e4) Importer(815301076,1909f56bfc062723c751e8b465ee728b)  -> (artifact id: 'a0b817c750da03848a464c243d5f81cc') in 0.081406 seconds 
========================================================================
Received Prepare
Registering precompiled user dll's ...
Registered in 0.018926 seconds.
Begin MonoManager ReloadAssembly
Native extension for WindowsStandalone target not found
Refreshing native plugins compatible for Editor in 0.69 ms, found 5 plugins.
Preloading 1 native plugins for Editor in 0.12 ms.
System.Reflection.TargetInvocationException: Exception has been thrown by the target of an invocation. ---> System.NullReferenceException: Object reference not set to an instance of an object
  at Unity.XR.Oculus.OculusLoader.AssetPathToAbsolutePath (System.String assetPath) [0x00048] in C:\Users\관리자\Desktop\유미\아주대 3-1\IMP\VR_Project\vrProject\Library\PackageCache\com.unity.xr.oculus@1.12.0\Runtime\OculusLoader.cs:251 
  at Unity.XR.Oculus.OculusLoader.EditorLoadOVRPlugin () [0x0007b] in C:\Users\관리자\Desktop\유미\아주대 3-1\IMP\VR_Project\vrProject\Library\PackageCache\com.unity.xr.oculus@1.12.0\Runtime\OculusLoader.cs:236 
  at (wrapper managed-to-native) System.Reflection.MonoMethod.InternalInvoke(System.Reflection.MonoMethod,object,object[],System.Exception&)
  at System.Reflection.MonoMethod.Invoke (System.Object obj, System.Reflection.BindingFlags invokeAttr, System.Reflection.Binder binder, System.Object[] parameters, System.Globalization.CultureInfo culture) [0x00032] in <695d1cc93cca45069c528c15c9fdd749>:0 
   --- End of inner exception stack trace ---
  at System.Reflection.MonoMethod.Invoke (System.Object obj, System.Reflection.BindingFlags invokeAttr, System.Reflection.Binder binder, System.Object[] parameters, System.Globalization.CultureInfo culture) [0x00048] in <695d1cc93cca45069c528c15c9fdd749>:0 
  at System.Reflection.MethodBase.Invoke (System.Object obj, System.Object[] parameters) [0x00000] in <695d1cc93cca45069c528c15c9fdd749>:0 
  at UnityEditor.EditorAssemblies.ProcessInitializeOnLoadMethodAttributes () [0x00047] in <a5bc71bb4d98498aba1f868b89d20d47>:0 
UnityEngine.StackTraceUtility:ExtractStackTrace ()
UnityEngine.DebugLogHandler:LogFormat (UnityEngine.LogType,UnityEngine.Object,string,object[])
UnityEngine.Logger:Log (UnityEngine.LogType,object)
UnityEngine.Debug:LogError (object)
UnityEditor.EditorAssemblies:ProcessInitializeOnLoadMethodAttributes ()

Mono: successfully reloaded assembly
- Completed reload, in  1.478 seconds
Domain Reload Profiling:
	ReloadAssembly (1479ms)
		BeginReloadAssembly (152ms)
			ExecutionOrderSort (0ms)
			DisableScriptedObjects (6ms)
			BackupInstance (0ms)
			ReleaseScriptingObjects (0ms)
			CreateAndSetChildDomain (40ms)
		EndReloadAssembly (1259ms)
			LoadAssemblies (126ms)
			RebuildTransferFunctionScriptingTraits (0ms)
			SetupTypeCache (538ms)
			ReleaseScriptCaches (1ms)
			RebuildScriptCaches (49ms)
			SetupLoadedEditorAssemblies (402ms)
				LogAssemblyErrors (0ms)
				InitializePlatformSupportModulesInManaged (4ms)
				SetLoadedEditorAssemblies (0ms)
				RefreshPlugins (1ms)
				BeforeProcessingInitializeOnLoad (108ms)
				ProcessInitializeOnLoadAttributes (254ms)
				ProcessInitializeOnLoadMethodAttributes (23ms)
				AfterProcessingInitializeOnLoad (11ms)
				EditorAssembliesLoaded (0ms)
			ExecutionOrderSort2 (0ms)
			AwakeInstancesAfterBackupRestoration (10ms)
Platform modules already initialized, skipping
Refreshing native plugins compatible for Editor in 0.90 ms, found 5 plugins.
Preloading 1 native plugins for Editor in 0.18 ms.
Unloading 3465 Unused Serialized files (Serialized files now loaded: 0)
System memory in use before: 154.1 MB.
System memory in use after: 151.3 MB.

Unloading 69 unused Assets to reduce memory usage. Loaded Objects now: 4048.
Total: 4.718500 ms (FindLiveObjects: 0.305000 ms CreateObjectMapping: 0.195500 ms MarkObjects: 2.932700 ms  DeleteObjects: 1.284500 ms)

AssetImportParameters requested are different than current active one (requested -> active):
  custom:framework-win-MediaFoundation: 216162199b28c13a410421893ffa2e32 -> 
  custom:video-decoder-ogg-theora: a1e56fd34408186e4bbccfd4996cb3dc -> 
  custom:container-muxer-webm: aa71ff27fc2769a1b78a27578f13a17b -> 
  custom:container-demuxer-webm: 4f35f7cbe854078d1ac9338744f61a02 -> 
  custom:container-demuxer-ogg: 62fdf1f143b41e24485cea50d1cbac27 -> 
  custom:video-encoder-webm-vp8: eb34c28f22e8b96e1ab97ce403110664 -> 
  custom:video-decoder-webm-vp8: 9c59270c3fd7afecdb556c50c9e8de78 -> 
  custom:audio-decoder-ogg-vorbis: bf7c407c2cedff20999df2af8eb42d56 -> 
  custom:audio-encoder-webm-vorbis: bf7c407c2cedff20999df2af8eb42d56 -> 
========================================================================
Received Import Request.
  Time since last request: 191.637306 seconds.
  path: Assets/Materials/Skybox_Mat.mat
  artifactKey: Guid(0ffaa0b7117ba8c47a9d05ae701d4b4d) Importer(815301076,1909f56bfc062723c751e8b465ee728b)
Start importing Assets/Materials/Skybox_Mat.mat using Guid(0ffaa0b7117ba8c47a9d05ae701d4b4d) Importer(815301076,1909f56bfc062723c751e8b465ee728b)  -> (artifact id: 'f1e587b2d9f39b4a8da249a6a8f56a44') in 0.219013 seconds 
========================================================================
Received Import Request.
  Time since last request: 1.858013 seconds.
  path: Assets/Materials
  artifactKey: Guid(d0234ba368eeec9418390da711bfdad0) Importer(815301076,1909f56bfc062723c751e8b465ee728b)
Start importing Assets/Materials using Guid(d0234ba368eeec9418390da711bfdad0) Importer(815301076,1909f56bfc062723c751e8b465ee728b)  -> (artifact id: 'fa67f7aafba014bdcc74449d8eba51d0') in 0.003491 seconds 
========================================================================
Received Prepare
Registering precompiled user dll's ...
Registered in 0.007456 seconds.
Begin MonoManager ReloadAssembly
Native extension for WindowsStandalone target not found
Refreshing native plugins compatible for Editor in 0.68 ms, found 5 plugins.
Preloading 1 native plugins for Editor in 0.13 ms.
System.Reflection.TargetInvocationException: Exception has been thrown by the target of an invocation. ---> System.NullReferenceException: Object reference not set to an instance of an object
  at Unity.XR.Oculus.OculusLoader.AssetPathToAbsolutePath (System.String assetPath) [0x00048] in C:\Users\관리자\Desktop\유미\아주대 3-1\IMP\VR_Project\vrProject\Library\PackageCache\com.unity.xr.oculus@1.12.0\Runtime\OculusLoader.cs:251 
  at Unity.XR.Oculus.OculusLoader.EditorLoadOVRPlugin () [0x0007b] in C:\Users\관리자\Desktop\유미\아주대 3-1\IMP\VR_Project\vrProject\Library\PackageCache\com.unity.xr.oculus@1.12.0\Runtime\OculusLoader.cs:236 
  at (wrapper managed-to-native) System.Reflection.MonoMethod.InternalInvoke(System.Reflection.MonoMethod,object,object[],System.Exception&)
  at System.Reflection.MonoMethod.Invoke (System.Object obj, System.Reflection.BindingFlags invokeAttr, System.Reflection.Binder binder, System.Object[] parameters, System.Globalization.CultureInfo culture) [0x00032] in <695d1cc93cca45069c528c15c9fdd749>:0 
   --- End of inner exception stack trace ---
  at System.Reflection.MonoMethod.Invoke (System.Object obj, System.Reflection.BindingFlags invokeAttr, System.Reflection.Binder binder, System.Object[] parameters, System.Globalization.CultureInfo culture) [0x00048] in <695d1cc93cca45069c528c15c9fdd749>:0 
  at System.Reflection.MethodBase.Invoke (System.Object obj, System.Object[] parameters) [0x00000] in <695d1cc93cca45069c528c15c9fdd749>:0 
  at UnityEditor.EditorAssemblies.ProcessInitializeOnLoadMethodAttributes () [0x00047] in <a5bc71bb4d98498aba1f868b89d20d47>:0 
UnityEngine.StackTraceUtility:ExtractStackTrace ()
UnityEngine.DebugLogHandler:LogFormat (UnityEngine.LogType,UnityEngine.Object,string,object[])
UnityEngine.Logger:Log (UnityEngine.LogType,object)
UnityEngine.Debug:LogError (object)
UnityEditor.EditorAssemblies:ProcessInitializeOnLoadMethodAttributes ()

Mono: successfully reloaded assembly
- Completed reload, in  1.223 seconds
Domain Reload Profiling:
	ReloadAssembly (1224ms)
		BeginReloadAssembly (160ms)
			ExecutionOrderSort (0ms)
			DisableScriptedObjects (6ms)
			BackupInstance (0ms)
			ReleaseScriptingObjects (0ms)
			CreateAndSetChildDomain (39ms)
		EndReloadAssembly (983ms)
			LoadAssemblies (146ms)
			RebuildTransferFunctionScriptingTraits (0ms)
			SetupTypeCache (307ms)
			ReleaseScriptCaches (1ms)
			RebuildScriptCaches (43ms)
			SetupLoadedEditorAssemblies (386ms)
				LogAssemblyErrors (0ms)
				InitializePlatformSupportModulesInManaged (4ms)
				SetLoadedEditorAssemblies (0ms)
				RefreshPlugins (1ms)
				BeforeProcessingInitializeOnLoad (102ms)
				ProcessInitializeOnLoadAttributes (246ms)
				ProcessInitializeOnLoadMethodAttributes (24ms)
				AfterProcessingInitializeOnLoad (9ms)
				EditorAssembliesLoaded (0ms)
			ExecutionOrderSort2 (0ms)
			AwakeInstancesAfterBackupRestoration (11ms)
Platform modules already initialized, skipping
Refreshing native plugins compatible for Editor in 0.68 ms, found 5 plugins.
Preloading 1 native plugins for Editor in 0.11 ms.
Unloading 3465 Unused Serialized files (Serialized files now loaded: 0)
System memory in use before: 154.2 MB.
System memory in use after: 151.4 MB.

Unloading 51 unused Assets to reduce memory usage. Loaded Objects now: 4088.
Total: 5.435600 ms (FindLiveObjects: 0.277400 ms CreateObjectMapping: 0.188900 ms MarkObjects: 3.564600 ms  DeleteObjects: 1.403300 ms)

AssetImportParameters requested are different than current active one (requested -> active):
  custom:framework-win-MediaFoundation: 216162199b28c13a410421893ffa2e32 -> 
  custom:video-decoder-ogg-theora: a1e56fd34408186e4bbccfd4996cb3dc -> 
  custom:container-muxer-webm: aa71ff27fc2769a1b78a27578f13a17b -> 
  custom:container-demuxer-webm: 4f35f7cbe854078d1ac9338744f61a02 -> 
  custom:container-demuxer-ogg: 62fdf1f143b41e24485cea50d1cbac27 -> 
  custom:video-encoder-webm-vp8: eb34c28f22e8b96e1ab97ce403110664 -> 
  custom:video-decoder-webm-vp8: 9c59270c3fd7afecdb556c50c9e8de78 -> 
  custom:audio-decoder-ogg-vorbis: bf7c407c2cedff20999df2af8eb42d56 -> 
  custom:audio-encoder-webm-vorbis: bf7c407c2cedff20999df2af8eb42d56 -> 
========================================================================
Received Import Request.
  Time since last request: 7.761888 seconds.
  path: Assets/Materials/New Material.mat
  artifactKey: Guid(e4ade8bfe8e0f3b4fa41c42491dbf259) Importer(815301076,1909f56bfc062723c751e8b465ee728b)
Start importing Assets/Materials/New Material.mat using Guid(e4ade8bfe8e0f3b4fa41c42491dbf259) Importer(815301076,1909f56bfc062723c751e8b465ee728b)  -> (artifact id: '72104fde0af8c0cbbc45e2a3e444ab22') in 0.162998 seconds 
========================================================================
Received Import Request.
  Time since last request: 123.010257 seconds.
  path: Assets/Nodesk
  artifactKey: Guid(ad1f8cc65d355a844a2f63e4a3a29968) Importer(815301076,1909f56bfc062723c751e8b465ee728b)
Start importing Assets/Nodesk using Guid(ad1f8cc65d355a844a2f63e4a3a29968) Importer(815301076,1909f56bfc062723c751e8b465ee728b)  -> (artifact id: 'c39903fa383b4db22610ff9fe83ccc0d') in 0.004324 seconds 
========================================================================
Received Import Request.
  Time since last request: 0.109682 seconds.
  path: Assets/Nodesk/NodeskKeyboard.asmdef
  artifactKey: Guid(56077ead9fb7fd0499a66a807b89d17e) Importer(815301076,1909f56bfc062723c751e8b465ee728b)
Start importing Assets/Nodesk/NodeskKeyboard.asmdef using Guid(56077ead9fb7fd0499a66a807b89d17e) Importer(815301076,1909f56bfc062723c751e8b465ee728b)  -> (artifact id: '2dd2ef3b25b05fdd07c64d4088c9d7b1') in 0.009511 seconds 
========================================================================
Received Import Request.
  Time since last request: 2.962134 seconds.
  path: Assets/Nodesk/Demo
  artifactKey: Guid(96a7df9db26fe554d9b34c059fc19ce5) Importer(815301076,1909f56bfc062723c751e8b465ee728b)
Start importing Assets/Nodesk/Demo using Guid(96a7df9db26fe554d9b34c059fc19ce5) Importer(815301076,1909f56bfc062723c751e8b465ee728b)  -> (artifact id: 'e06e6f286675eac39a82bd1017752013') in 0.004587 seconds 
========================================================================
Received Import Request.
  Time since last request: 3.254545 seconds.
  path: Assets/Nodesk/Demo/0.DebugAutocomplete.unity
  artifactKey: Guid(95ddc25b866fd8845801f506b18ae956) Importer(815301076,1909f56bfc062723c751e8b465ee728b)
Start importing Assets/Nodesk/Demo/0.DebugAutocomplete.unity using Guid(95ddc25b866fd8845801f506b18ae956) Importer(815301076,1909f56bfc062723c751e8b465ee728b)  -> (artifact id: '72b455a6c76a97752af0f89fb7baa866') in 0.004631 seconds 
========================================================================
Received Import Request.
  Time since last request: 8.506184 seconds.
  path: Assets/Nodesk/Prefabs/AbcdeKeyboard.prefab
  artifactKey: Guid(653a202eeddd6244096b0cca1302dc5f) Importer(815301076,1909f56bfc062723c751e8b465ee728b)
Start importing Assets/Nodesk/Prefabs/AbcdeKeyboard.prefab using Guid(653a202eeddd6244096b0cca1302dc5f) Importer(815301076,1909f56bfc062723c751e8b465ee728b)  -> (artifact id: 'e2653d1a0c44d9c162f2e2a00d47b4ec') in 0.137926 seconds 
========================================================================
Received Import Request.
  Time since last request: 0.000289 seconds.
  path: Assets/Nodesk/Prefabs/QwertyKeyboard.prefab
  artifactKey: Guid(0326ce63759e2e141850d1a3274cba8b) Importer(815301076,1909f56bfc062723c751e8b465ee728b)
Start importing Assets/Nodesk/Prefabs/QwertyKeyboard.prefab using Guid(0326ce63759e2e141850d1a3274cba8b) Importer(815301076,1909f56bfc062723c751e8b465ee728b)  -> (artifact id: 'c571a361c585b78508e9a89145e02702') in 0.084776 seconds 
========================================================================
Received Import Request.
  Time since last request: 2.598613 seconds.
  path: Assets/Nodesk/Prefabs/InnerPrefabs
  artifactKey: Guid(b3dea27499b381845bb50e67eb1a0bcd) Importer(815301076,1909f56bfc062723c751e8b465ee728b)
Start importing Assets/Nodesk/Prefabs/InnerPrefabs using Guid(b3dea27499b381845bb50e67eb1a0bcd) Importer(815301076,1909f56bfc062723c751e8b465ee728b)  -> (artifact id: '7ce8b90e7658c830865b3f4f0b227197') in 0.003760 seconds 
========================================================================
Received Import Request.
  Time since last request: 0.075615 seconds.
  path: Assets/Nodesk/Prefabs/InnerPrefabs/Abcde.prefab
  artifactKey: Guid(3f00b32213f514f4ab1d336df15d0d9b) Importer(815301076,1909f56bfc062723c751e8b465ee728b)
Start importing Assets/Nodesk/Prefabs/InnerPrefabs/Abcde.prefab using Guid(3f00b32213f514f4ab1d336df15d0d9b) Importer(815301076,1909f56bfc062723c751e8b465ee728b)  -> (artifact id: '06fd5b39f5e1dcb911d32a01a17511c3') in 0.049695 seconds 
========================================================================
Received Import Request.
  Time since last request: 0.000311 seconds.
  path: Assets/Nodesk/Prefabs/InnerPrefabs/Qwerty.prefab
  artifactKey: Guid(b096dbf1ab5e3774fb5b9e409367c0c8) Importer(815301076,1909f56bfc062723c751e8b465ee728b)
Start importing Assets/Nodesk/Prefabs/InnerPrefabs/Qwerty.prefab using Guid(b096dbf1ab5e3774fb5b9e409367c0c8) Importer(815301076,1909f56bfc062723c751e8b465ee728b)  -> (artifact id: 'ddbb1c0c67cd08dd8c14dca2e085b40c') in 0.054964 seconds 
========================================================================
Received Import Request.
  Time since last request: 0.000264 seconds.
  path: Assets/Nodesk/Prefabs/InnerPrefabs/PredictionCanvas.prefab
  artifactKey: Guid(39c1228d37ba8a8409f123aac0eb38cf) Importer(815301076,1909f56bfc062723c751e8b465ee728b)
Start importing Assets/Nodesk/Prefabs/InnerPrefabs/PredictionCanvas.prefab using Guid(39c1228d37ba8a8409f123aac0eb38cf) Importer(815301076,1909f56bfc062723c751e8b465ee728b)  -> (artifact id: '6494ab5178d10611fd5d87aac41fdb69') in 0.010096 seconds 
========================================================================
Received Import Request.
  Time since last request: 0.000281 seconds.
  path: Assets/Nodesk/Prefabs/InnerPrefabs/InnerGroup.prefab
  artifactKey: Guid(ea823f39559970942a068e327cc8e523) Importer(815301076,1909f56bfc062723c751e8b465ee728b)
Start importing Assets/Nodesk/Prefabs/InnerPrefabs/InnerGroup.prefab using Guid(ea823f39559970942a068e327cc8e523) Importer(815301076,1909f56bfc062723c751e8b465ee728b)  -> (artifact id: '08f02ffe4ea6270cfbe324c3d6baa401') in 0.038181 seconds 
========================================================================
Received Import Request.
  Time since last request: 0.000211 seconds.
  path: Assets/Nodesk/Prefabs/InnerPrefabs/Word.prefab
  artifactKey: Guid(5ef7b5b62e5d25c488d6d5e36d17aca7) Importer(815301076,1909f56bfc062723c751e8b465ee728b)
Start importing Assets/Nodesk/Prefabs/InnerPrefabs/Word.prefab using Guid(5ef7b5b62e5d25c488d6d5e36d17aca7) Importer(815301076,1909f56bfc062723c751e8b465ee728b)  -> (artifact id: '69292b333b3e488afc118a5e6cc6249b') in 0.015807 seconds 
========================================================================
Received Import Request.
  Time since last request: 22.868232 seconds.
  path: Assets/Scenes
  artifactKey: Guid(7f86fcdcb5bdc474681319e86590a6ad) Importer(815301076,1909f56bfc062723c751e8b465ee728b)
Start importing Assets/Scenes using Guid(7f86fcdcb5bdc474681319e86590a6ad) Importer(815301076,1909f56bfc062723c751e8b465ee728b)  -> (artifact id: 'd5d465fecddd048fe207f65df62e5b58') in 0.007460 seconds 
========================================================================
Received Import Request.
  Time since last request: 1.810183 seconds.
  path: Assets/Scenes/Scene1.unity
  artifactKey: Guid(1ba6524c4e01d0041a2ee71a0e53963b) Importer(815301076,1909f56bfc062723c751e8b465ee728b)
Start importing Assets/Scenes/Scene1.unity using Guid(1ba6524c4e01d0041a2ee71a0e53963b) Importer(815301076,1909f56bfc062723c751e8b465ee728b)  -> (artifact id: '2886a1abc075af5d6b444122d8900e4b') in 0.005873 seconds 
========================================================================
Received Import Request.
  Time since last request: 39.262492 seconds.
  path: Assets/Materials/New Material.mat
  artifactKey: Guid(e4ade8bfe8e0f3b4fa41c42491dbf259) Importer(815301076,1909f56bfc062723c751e8b465ee728b)
Start importing Assets/Materials/New Material.mat using Guid(e4ade8bfe8e0f3b4fa41c42491dbf259) Importer(815301076,1909f56bfc062723c751e8b465ee728b)  -> (artifact id: '2232d9aaac4eb5ce031e4483988f2154') in 0.014351 seconds 
========================================================================
Received Import Request.
  Time since last request: 5.533719 seconds.
  path: Assets/Materials/New Material 1.mat
  artifactKey: Guid(b2bbc236087878848896b16baeee3374) Importer(815301076,1909f56bfc062723c751e8b465ee728b)
Start importing Assets/Materials/New Material 1.mat using Guid(b2bbc236087878848896b16baeee3374) Importer(815301076,1909f56bfc062723c751e8b465ee728b)  -> (artifact id: 'afe724fff469ebbe6f25a5ece24bd49b') in 0.016216 seconds 
========================================================================
Received Import Request.
  Time since last request: 291.153341 seconds.
  path: Assets/Materials/New Material 1.mat
  artifactKey: Guid(b2bbc236087878848896b16baeee3374) Importer(815301076,1909f56bfc062723c751e8b465ee728b)
Start importing Assets/Materials/New Material 1.mat using Guid(b2bbc236087878848896b16baeee3374) Importer(815301076,1909f56bfc062723c751e8b465ee728b)  -> (artifact id: 'd28b2515e177a070928a3f99afbe45b4') in 0.014810 seconds 
========================================================================
Received Import Request.
  Time since last request: 308.860733 seconds.
  path: ProjectSettings/TagManager.asset
  artifactKey: Guid(00000000000000003000000000000000) Importer(815301076,1909f56bfc062723c751e8b465ee728b)
Start importing ProjectSettings/TagManager.asset using Guid(00000000000000003000000000000000) Importer(815301076,1909f56bfc062723c751e8b465ee728b)  -> (artifact id: '382d8e2afea4c5ed09eca3b8c3ecbad8') in 0.005249 seconds 
========================================================================
Received Import Request.
  Time since last request: 524.803110 seconds.
  path: Assets/Materials/New Material 2.mat
  artifactKey: Guid(3bbfdbe498cf9cb44b96463febe57a68) Importer(815301076,1909f56bfc062723c751e8b465ee728b)
Start importing Assets/Materials/New Material 2.mat using Guid(3bbfdbe498cf9cb44b96463febe57a68) Importer(815301076,1909f56bfc062723c751e8b465ee728b)  -> (artifact id: '100700011cefac0fd95d1f6feb008459') in 0.016946 seconds 
========================================================================
Received Import Request.
  Time since last request: 358.935504 seconds.
  path: Assets/Scripts
  artifactKey: Guid(02a3527b6b33a924e8ec66aa805ea717) Importer(815301076,1909f56bfc062723c751e8b465ee728b)
Start importing Assets/Scripts using Guid(02a3527b6b33a924e8ec66aa805ea717) Importer(815301076,1909f56bfc062723c751e8b465ee728b)  -> (artifact id: '3d22bec3b2937c29cd085e1506c06094') in 0.004702 seconds 
========================================================================
Received Import Request.
  Time since last request: 13.188291 seconds.
  path: Assets/Scripts/secretnumBox.cs
  artifactKey: Guid(63beb7d5708665e4bb40c4fd14b1d457) Importer(815301076,1909f56bfc062723c751e8b465ee728b)
Start importing Assets/Scripts/secretnumBox.cs using Guid(63beb7d5708665e4bb40c4fd14b1d457) Importer(815301076,1909f56bfc062723c751e8b465ee728b)  -> (artifact id: 'bf119adf9e0919e67f5d2608fa0c701a') in 0.019799 seconds 
========================================================================
Received Import Request.
  Time since last request: 1368.580770 seconds.
  path: Assets/Scripts/SceneManager.cs
  artifactKey: Guid(94e97286a9b5e654f944d305e7963ad0) Importer(815301076,1909f56bfc062723c751e8b465ee728b)
Start importing Assets/Scripts/SceneManager.cs using Guid(94e97286a9b5e654f944d305e7963ad0) Importer(815301076,1909f56bfc062723c751e8b465ee728b)  -> (artifact id: '88015fcb82640a0ba5c363750cf4a1b4') in 0.008052 seconds 
========================================================================
Received Import Request.
  Time since last request: 11.623066 seconds.
  path: Assets/Scripts/SceneManager.cs
  artifactKey: Guid(94e97286a9b5e654f944d305e7963ad0) Importer(815301076,1909f56bfc062723c751e8b465ee728b)
Start importing Assets/Scripts/SceneManager.cs using Guid(94e97286a9b5e654f944d305e7963ad0) Importer(815301076,1909f56bfc062723c751e8b465ee728b)  -> (artifact id: '75129580540699c812e080285b15683e') in 0.007491 seconds 
========================================================================
Received Import Request.
  Time since last request: 32.636775 seconds.
  path: Assets/Scripts/SceneManager.cs
  artifactKey: Guid(94e97286a9b5e654f944d305e7963ad0) Importer(815301076,1909f56bfc062723c751e8b465ee728b)
Start importing Assets/Scripts/SceneManager.cs using Guid(94e97286a9b5e654f944d305e7963ad0) Importer(815301076,1909f56bfc062723c751e8b465ee728b)  -> (artifact id: 'a42d2458edac230b9d76e226bb85ed25') in 0.004437 seconds 
========================================================================
Received Import Request.
  Time since last request: 7.363713 seconds.
  path: Assets/Scripts/VRSceneManager.cs
  artifactKey: Guid(94e97286a9b5e654f944d305e7963ad0) Importer(815301076,1909f56bfc062723c751e8b465ee728b)
Start importing Assets/Scripts/VRSceneManager.cs using Guid(94e97286a9b5e654f944d305e7963ad0) Importer(815301076,1909f56bfc062723c751e8b465ee728b)  -> (artifact id: '88facf7cfd80a1545adb7930cbabc90a') in 0.004640 seconds 
========================================================================
Received Import Request.
  Time since last request: 169.624702 seconds.
  path: Assets/VRSceneManager.cs
  artifactKey: Guid(a83e70abeea06e143894e08fd39afb9e) Importer(815301076,1909f56bfc062723c751e8b465ee728b)
Start importing Assets/VRSceneManager.cs using Guid(a83e70abeea06e143894e08fd39afb9e) Importer(815301076,1909f56bfc062723c751e8b465ee728b)  -> (artifact id: '84655652ec4809788f4975a4849e21f8') in 0.003622 seconds 
========================================================================
Received Import Request.
  Time since last request: 5.256826 seconds.
  path: Assets/ARSceneManager.cs
  artifactKey: Guid(a83e70abeea06e143894e08fd39afb9e) Importer(815301076,1909f56bfc062723c751e8b465ee728b)
Start importing Assets/ARSceneManager.cs using Guid(a83e70abeea06e143894e08fd39afb9e) Importer(815301076,1909f56bfc062723c751e8b465ee728b)  -> (artifact id: '83abc5bc231557b57fa25bf066731819') in 0.005575 seconds 
========================================================================
Received Import Request.
  Time since last request: 22.555913 seconds.
  path: Assets/ARSceneManager.cs
  artifactKey: Guid(a83e70abeea06e143894e08fd39afb9e) Importer(815301076,1909f56bfc062723c751e8b465ee728b)
Start importing Assets/ARSceneManager.cs using Guid(a83e70abeea06e143894e08fd39afb9e) Importer(815301076,1909f56bfc062723c751e8b465ee728b)  -> (artifact id: '0d146c3752e4157501c482365e81355c') in 0.013871 seconds 
========================================================================
Received Import Request.
  Time since last request: 1.361873 seconds.
  path: Assets/ARSceneManager.cs
  artifactKey: Guid(a83e70abeea06e143894e08fd39afb9e) Importer(815301076,1909f56bfc062723c751e8b465ee728b)
Start importing Assets/ARSceneManager.cs using Guid(a83e70abeea06e143894e08fd39afb9e) Importer(815301076,1909f56bfc062723c751e8b465ee728b)  -> (artifact id: '8a0bbf8e748235d3533376f570f1d313') in 0.004992 seconds 
========================================================================
Received Import Request.
  Time since last request: 7.556387 seconds.
  path: Assets/vrSceneManager.cs
  artifactKey: Guid(a83e70abeea06e143894e08fd39afb9e) Importer(815301076,1909f56bfc062723c751e8b465ee728b)
Start importing Assets/vrSceneManager.cs using Guid(a83e70abeea06e143894e08fd39afb9e) Importer(815301076,1909f56bfc062723c751e8b465ee728b)  -> (artifact id: 'cf3a76b8617548817e2548548473f426') in 0.009489 seconds 
========================================================================
Received Import Request.
  Time since last request: 43.619071 seconds.
  path: Assets/Settings
  artifactKey: Guid(0735c275001a2c84dafdb30deced5d8d) Importer(815301076,1909f56bfc062723c751e8b465ee728b)
Start importing Assets/Settings using Guid(0735c275001a2c84dafdb30deced5d8d) Importer(815301076,1909f56bfc062723c751e8b465ee728b)  -> (artifact id: '93acb47a41d734d0e1a9166c2e42237b') in 0.004190 seconds 
========================================================================
Received Import Request.
  Time since last request: 8.381149 seconds.
  path: Assets/ExampleAssets
  artifactKey: Guid(990f5c2df70993f4987a388ca178996a) Importer(815301076,1909f56bfc062723c751e8b465ee728b)
Start importing Assets/ExampleAssets using Guid(990f5c2df70993f4987a388ca178996a) Importer(815301076,1909f56bfc062723c751e8b465ee728b)  -> (artifact id: 'd7f803e1b12591de9878c5dffbdd6bf0') in 0.004439 seconds 
========================================================================
Received Import Request.
  Time since last request: 1.501186 seconds.
  path: Assets/ExampleAssets/Prefabs
  artifactKey: Guid(5e04804d4b233d04d92ef41852c3f676) Importer(815301076,1909f56bfc062723c751e8b465ee728b)
Start importing Assets/ExampleAssets/Prefabs using Guid(5e04804d4b233d04d92ef41852c3f676) Importer(815301076,1909f56bfc062723c751e8b465ee728b)  -> (artifact id: 'eec67ef625f3c93b382b5d424c18956c') in 0.004161 seconds 
========================================================================
Received Import Request.
  Time since last request: 0.065049 seconds.
  path: Assets/ExampleAssets/Prefabs/Construction Light Low.prefab
  artifactKey: Guid(bf0a225a9ff184f2789f3036faaa9150) Importer(815301076,1909f56bfc062723c751e8b465ee728b)
Start importing Assets/ExampleAssets/Prefabs/Construction Light Low.prefab using Guid(bf0a225a9ff184f2789f3036faaa9150) Importer(815301076,1909f56bfc062723c751e8b465ee728b)  -> (artifact id: '631c06294727904f90865b3a138e56df') in 0.610030 seconds 
========================================================================
Received Import Request.
  Time since last request: 0.000297 seconds.
  path: Assets/ExampleAssets/Prefabs/Workshop Set.prefab
  artifactKey: Guid(a87f0180d46fd334b9025d0314a0dc70) Importer(815301076,1909f56bfc062723c751e8b465ee728b)
Start importing Assets/ExampleAssets/Prefabs/Workshop Set.prefab using Guid(a87f0180d46fd334b9025d0314a0dc70) Importer(815301076,1909f56bfc062723c751e8b465ee728b)  -> (artifact id: '6e898c75c07a6fd4609869cec76b7e96') in 1.024110 seconds 
========================================================================
Received Import Request.
  Time since last request: 0.000301 seconds.
  path: Assets/ExampleAssets/Prefabs/Paint Supplies.prefab
  artifactKey: Guid(283e6530a665e4513959d1cd4883682f) Importer(815301076,1909f56bfc062723c751e8b465ee728b)
Start importing Assets/ExampleAssets/Prefabs/Paint Supplies.prefab using Guid(283e6530a665e4513959d1cd4883682f) Importer(815301076,1909f56bfc062723c751e8b465ee728b)  -> (artifact id: '0ba5846967725f088a7227886704194c') in 0.977216 seconds 
========================================================================
Received Import Request.
  Time since last request: 0.000284 seconds.
  path: Assets/ExampleAssets/Prefabs/Workbench_LOD0.prefab
  artifactKey: Guid(c0adcaeba3022437293536832628fdf8) Importer(815301076,1909f56bfc062723c751e8b465ee728b)
Start importing Assets/ExampleAssets/Prefabs/Workbench_LOD0.prefab using Guid(c0adcaeba3022437293536832628fdf8) Importer(815301076,1909f56bfc062723c751e8b465ee728b)  -> (artifact id: '31cf603b17ad555d2bd88148dddd5221') in 0.106580 seconds 
========================================================================
Received Import Request.
  Time since last request: 0.000639 seconds.
  path: Assets/ExampleAssets/Prefabs/Workbench.prefab
  artifactKey: Guid(8850d132797ff49298ba781e8e1c9bfe) Importer(815301076,1909f56bfc062723c751e8b465ee728b)
Start importing Assets/ExampleAssets/Prefabs/Workbench.prefab using Guid(8850d132797ff49298ba781e8e1c9bfe) Importer(815301076,1909f56bfc062723c751e8b465ee728b)  -> (artifact id: '1d1b830d364b8d9c70f087723c34bd2c') in 0.425758 seconds 
========================================================================
Received Import Request.
  Time since last request: 0.000243 seconds.
  path: Assets/ExampleAssets/Prefabs/Props.prefab
  artifactKey: Guid(85dfab9623c67784fa7894de63cd1604) Importer(815301076,1909f56bfc062723c751e8b465ee728b)
Start importing Assets/ExampleAssets/Prefabs/Props.prefab using Guid(85dfab9623c67784fa7894de63cd1604) Importer(815301076,1909f56bfc062723c751e8b465ee728b)  -> (artifact id: 'abe6d0bb78a0b73c58240061b26f90a6') in 0.099564 seconds 
========================================================================
Received Import Request.
  Time since last request: 0.000214 seconds.
  path: Assets/ExampleAssets/Prefabs/Workbench_LOD1.prefab
  artifactKey: Guid(38d5ecfa2b93c4095b4cc5d4a590e676) Importer(815301076,1909f56bfc062723c751e8b465ee728b)
Start importing Assets/ExampleAssets/Prefabs/Workbench_LOD1.prefab using Guid(38d5ecfa2b93c4095b4cc5d4a590e676) Importer(815301076,1909f56bfc062723c751e8b465ee728b)  -> (artifact id: '5babd802dddb3dce0ff3f605468f569f') in 0.031898 seconds 
========================================================================
Received Import Request.
  Time since last request: 6.329465 seconds.
  path: Assets/StylizedHandPaintedDungeon(Free)
  artifactKey: Guid(58bbec79c09413947ba1283477a0f1d8) Importer(815301076,1909f56bfc062723c751e8b465ee728b)
Start importing Assets/StylizedHandPaintedDungeon(Free) using Guid(58bbec79c09413947ba1283477a0f1d8) Importer(815301076,1909f56bfc062723c751e8b465ee728b)  -> (artifact id: '8128e30f53a25e2a1c85abc4caec7568') in 0.009302 seconds 
========================================================================
Received Import Request.
  Time since last request: 1.590779 seconds.
  path: Assets/StylizedHandPaintedDungeon(Free)/Prefabs
  artifactKey: Guid(325d3c5532164bb4aa5dd8f24fa1df7c) Importer(815301076,1909f56bfc062723c751e8b465ee728b)
Start importing Assets/StylizedHandPaintedDungeon(Free)/Prefabs using Guid(325d3c5532164bb4aa5dd8f24fa1df7c) Importer(815301076,1909f56bfc062723c751e8b465ee728b)  -> (artifact id: '4acf87b760eb76d821b8e878cb9158ed') in 0.004307 seconds 
========================================================================
Received Import Request.
  Time since last request: 0.075467 seconds.
  path: Assets/StylizedHandPaintedDungeon(Free)/Prefabs/Door.prefab
  artifactKey: Guid(9175d08a6bdddeb48afa15d1b714d918) Importer(815301076,1909f56bfc062723c751e8b465ee728b)
Start importing Assets/StylizedHandPaintedDungeon(Free)/Prefabs/Door.prefab using Guid(9175d08a6bdddeb48afa15d1b714d918) Importer(815301076,1909f56bfc062723c751e8b465ee728b)  -> (artifact id: 'b60c0f0d9993e8882ab2bc5caff4290a') in 0.018371 seconds 
========================================================================
Received Import Request.
  Time since last request: 0.000353 seconds.
  path: Assets/StylizedHandPaintedDungeon(Free)/Prefabs/Lamp_01.prefab
  artifactKey: Guid(7c3ceb5b9a32b7a4a8d42d30223f3c9b) Importer(815301076,1909f56bfc062723c751e8b465ee728b)
Start importing Assets/StylizedHandPaintedDungeon(Free)/Prefabs/Lamp_01.prefab using Guid(7c3ceb5b9a32b7a4a8d42d30223f3c9b) Importer(815301076,1909f56bfc062723c751e8b465ee728b)  -> (artifact id: '5c21165db17187754265c6dca5ac19ce') in 0.021944 seconds 
========================================================================
Received Import Request.
  Time since last request: 0.000303 seconds.
  path: Assets/StylizedHandPaintedDungeon(Free)/Prefabs/Lamp_02.prefab
  artifactKey: Guid(7970c12d6b19a504fbc82353b8a43abe) Importer(815301076,1909f56bfc062723c751e8b465ee728b)
Start importing Assets/StylizedHandPaintedDungeon(Free)/Prefabs/Lamp_02.prefab using Guid(7970c12d6b19a504fbc82353b8a43abe) Importer(815301076,1909f56bfc062723c751e8b465ee728b)  -> (artifact id: '43f48270cad1057d9ffba696bd282916') in 0.020456 seconds 
========================================================================
Received Import Request.
  Time since last request: 0.000215 seconds.
  path: Assets/StylizedHandPaintedDungeon(Free)/Prefabs/Pillar.prefab
  artifactKey: Guid(7c7baabdbc078cb4098d5880fc72c0f3) Importer(815301076,1909f56bfc062723c751e8b465ee728b)
Start importing Assets/StylizedHandPaintedDungeon(Free)/Prefabs/Pillar.prefab using Guid(7c7baabdbc078cb4098d5880fc72c0f3) Importer(815301076,1909f56bfc062723c751e8b465ee728b)  -> (artifact id: '450f2be728e9a4d1fef09e886298fa2f') in 0.017304 seconds 
========================================================================
Received Import Request.
  Time since last request: 0.000254 seconds.
  path: Assets/StylizedHandPaintedDungeon(Free)/Prefabs/Floor.prefab
  artifactKey: Guid(e348e7143b6247b488737e4be26fb038) Importer(815301076,1909f56bfc062723c751e8b465ee728b)
Start importing Assets/StylizedHandPaintedDungeon(Free)/Prefabs/Floor.prefab using Guid(e348e7143b6247b488737e4be26fb038) Importer(815301076,1909f56bfc062723c751e8b465ee728b)  -> (artifact id: '56d906e1da4243b19afae5fb4dc8253b') in 0.021257 seconds 
========================================================================
Received Import Request.
  Time since last request: 0.000209 seconds.
  path: Assets/StylizedHandPaintedDungeon(Free)/Prefabs/Wall.prefab
  artifactKey: Guid(3ad7a1cffb2556547a8b7e60fd320431) Importer(815301076,1909f56bfc062723c751e8b465ee728b)
Start importing Assets/StylizedHandPaintedDungeon(Free)/Prefabs/Wall.prefab using Guid(3ad7a1cffb2556547a8b7e60fd320431) Importer(815301076,1909f56bfc062723c751e8b465ee728b)  -> (artifact id: '695e94cf454852edcf85728040b75994') in 0.018449 seconds 
========================================================================
Received Import Request.
  Time since last request: 0.000289 seconds.
  path: Assets/StylizedHandPaintedDungeon(Free)/Prefabs/Wall_Entrance.prefab
  artifactKey: Guid(49a5f24a081cbbc44bd23d76c2869723) Importer(815301076,1909f56bfc062723c751e8b465ee728b)
Start importing Assets/StylizedHandPaintedDungeon(Free)/Prefabs/Wall_Entrance.prefab using Guid(49a5f24a081cbbc44bd23d76c2869723) Importer(815301076,1909f56bfc062723c751e8b465ee728b)  -> (artifact id: 'eb91fc0f5160f956928b2b6098c0eb43') in 0.021865 seconds 
========================================================================
Received Import Request.
  Time since last request: 369.657063 seconds.
  path: Assets/StylizedHandPaintedDungeon(Free)/Textures
  artifactKey: Guid(f4b456e080e154b48a23137d350a72ed) Importer(815301076,1909f56bfc062723c751e8b465ee728b)
Start importing Assets/StylizedHandPaintedDungeon(Free)/Textures using Guid(f4b456e080e154b48a23137d350a72ed) Importer(815301076,1909f56bfc062723c751e8b465ee728b)  -> (artifact id: 'fbdd13b5e659906cc1e37c306e330d30') in 0.005189 seconds 
========================================================================
Received Import Request.
  Time since last request: 0.066494 seconds.
  path: Assets/StylizedHandPaintedDungeon(Free)/Textures/Dungeon_01_Diffuse.tga
  artifactKey: Guid(580463794dc1de446a571eb88be93bff) Importer(815301076,1909f56bfc062723c751e8b465ee728b)
Start importing Assets/StylizedHandPaintedDungeon(Free)/Textures/Dungeon_01_Diffuse.tga using Guid(580463794dc1de446a571eb88be93bff) Importer(815301076,1909f56bfc062723c751e8b465ee728b)  -> (artifact id: '0e4fe32938ce7cdf9217d4ba535b3a35') in 0.026143 seconds 
========================================================================
Received Import Request.
  Time since last request: 0.000219 seconds.
  path: Assets/StylizedHandPaintedDungeon(Free)/Textures/Dungeon_02_Diffuse.tga
  artifactKey: Guid(2ad5769c41feb7749a077e020ed56acb) Importer(815301076,1909f56bfc062723c751e8b465ee728b)
Start importing Assets/StylizedHandPaintedDungeon(Free)/Textures/Dungeon_02_Diffuse.tga using Guid(2ad5769c41feb7749a077e020ed56acb) Importer(815301076,1909f56bfc062723c751e8b465ee728b)  -> (artifact id: '85d8a2ef8a5a9b8a1f9ab3a3351899d9') in 0.014215 seconds 
========================================================================
Received Import Request.
  Time since last request: 0.000292 seconds.
  path: Assets/StylizedHandPaintedDungeon(Free)/Textures/Dungeon_02_Emission.tga
  artifactKey: Guid(1084372875829164882c05b7f7f0714f) Importer(815301076,1909f56bfc062723c751e8b465ee728b)
Start importing Assets/StylizedHandPaintedDungeon(Free)/Textures/Dungeon_02_Emission.tga using Guid(1084372875829164882c05b7f7f0714f) Importer(815301076,1909f56bfc062723c751e8b465ee728b)  -> (artifact id: '4a420ac1b2402fa20dab3f089c3c4915') in 0.012391 seconds 
========================================================================
Received Import Request.
  Time since last request: 18.656586 seconds.
  path: Assets/ExampleAssets/Materials/ConstructionLight_Mat.mat
  artifactKey: Guid(49076442eeb7e054b8e8869f8b40656d) Importer(815301076,1909f56bfc062723c751e8b465ee728b)
Start importing Assets/ExampleAssets/Materials/ConstructionLight_Mat.mat using Guid(49076442eeb7e054b8e8869f8b40656d) Importer(815301076,1909f56bfc062723c751e8b465ee728b)  -> (artifact id: '39314cbe8257ebe0b7ae26eed4a4cd32') in 0.016145 seconds 
========================================================================
Received Import Request.
  Time since last request: 0.000252 seconds.
  path: Assets/ExampleAssets/Materials/DryWall_Mat.mat
  artifactKey: Guid(a68228c24abfa2f4b8954d7b0148f799) Importer(815301076,1909f56bfc062723c751e8b465ee728b)
Start importing Assets/ExampleAssets/Materials/DryWall_Mat.mat using Guid(a68228c24abfa2f4b8954d7b0148f799) Importer(815301076,1909f56bfc062723c751e8b465ee728b)  -> (artifact id: '9935704e699f32e95d14746f07cf8368') in 0.017525 seconds 
========================================================================
Received Import Request.
  Time since last request: 0.000292 seconds.
  path: Assets/ExampleAssets/Materials/Strap_Mat.mat
  artifactKey: Guid(81c1860e7800e5340bf8a54c565ba9ea) Importer(815301076,1909f56bfc062723c751e8b465ee728b)
Start importing Assets/ExampleAssets/Materials/Strap_Mat.mat using Guid(81c1860e7800e5340bf8a54c565ba9ea) Importer(815301076,1909f56bfc062723c751e8b465ee728b)  -> (artifact id: 'd11d901728203bf674ad767953a8988a') in 0.018856 seconds 
========================================================================
Received Import Request.
  Time since last request: 0.000309 seconds.
  path: Assets/ExampleAssets/Materials/Plastic_Rough_Mat.mat
  artifactKey: Guid(a5aaee4111611af43b5abbff184fe5fa) Importer(815301076,1909f56bfc062723c751e8b465ee728b)
Start importing Assets/ExampleAssets/Materials/Plastic_Rough_Mat.mat using Guid(a5aaee4111611af43b5abbff184fe5fa) Importer(815301076,1909f56bfc062723c751e8b465ee728b)  -> (artifact id: '53e2c7bb62751deaa49229dd8ecd8d69') in 0.018700 seconds 
========================================================================
Received Import Request.
  Time since last request: 0.000286 seconds.
  path: Assets/ExampleAssets/Materials/Ground_Mat.mat
  artifactKey: Guid(d92ef32394b5f474385d74b565a7bdd7) Importer(815301076,1909f56bfc062723c751e8b465ee728b)
Start importing Assets/ExampleAssets/Materials/Ground_Mat.mat using Guid(d92ef32394b5f474385d74b565a7bdd7) Importer(815301076,1909f56bfc062723c751e8b465ee728b)  -> (artifact id: '2aa38aa6a9261f4265cdc18f8c31de19') in 0.016627 seconds 
========================================================================
Received Import Request.
  Time since last request: 0.000235 seconds.
  path: Assets/ExampleAssets/Materials/Metal_Simple_Mat.mat
  artifactKey: Guid(a0427cf339e5891468d5f2b433b2d44a) Importer(815301076,1909f56bfc062723c751e8b465ee728b)
Start importing Assets/ExampleAssets/Materials/Metal_Simple_Mat.mat using Guid(a0427cf339e5891468d5f2b433b2d44a) Importer(815301076,1909f56bfc062723c751e8b465ee728b)  -> (artifact id: '966c0e63fac5342d91880dc85a6680d4') in 0.018283 seconds 
========================================================================
Received Import Request.
  Time since last request: 0.000253 seconds.
  path: Assets/ExampleAssets/Materials/Plastic_Transparent.mat
  artifactKey: Guid(8a38b7350df9a9c438e568993a00e5c5) Importer(815301076,1909f56bfc062723c751e8b465ee728b)
Start importing Assets/ExampleAssets/Materials/Plastic_Transparent.mat using Guid(8a38b7350df9a9c438e568993a00e5c5) Importer(815301076,1909f56bfc062723c751e8b465ee728b)  -> (artifact id: 'a1a2c4911732ab1895e6bb4c6d382814') in 0.013974 seconds 
========================================================================
Received Import Request.
  Time since last request: 0.000247 seconds.
  path: Assets/ExampleAssets/Materials/Jigsaw_Mat.mat
  artifactKey: Guid(801db2d997a562b4ea333aa4593ce0f0) Importer(815301076,1909f56bfc062723c751e8b465ee728b)
Start importing Assets/ExampleAssets/Materials/Jigsaw_Mat.mat using Guid(801db2d997a562b4ea333aa4593ce0f0) Importer(815301076,1909f56bfc062723c751e8b465ee728b)  -> (artifact id: '4dedee178d0b6b79e3128cdc32fe353b') in 0.017400 seconds 
========================================================================
Received Import Request.
  Time since last request: 0.000214 seconds.
  path: Assets/ExampleAssets/Materials/Hammer_Mat.mat
  artifactKey: Guid(4efcffd7ae23f1e41943fd914b18da10) Importer(815301076,1909f56bfc062723c751e8b465ee728b)
Start importing Assets/ExampleAssets/Materials/Hammer_Mat.mat using Guid(4efcffd7ae23f1e41943fd914b18da10) Importer(815301076,1909f56bfc062723c751e8b465ee728b)  -> (artifact id: '324c8001df26ce9901f021e6ed38423d') in 0.019032 seconds 
========================================================================
Received Import Request.
  Time since last request: 0.000241 seconds.
  path: Assets/ExampleAssets/Materials/Plastic_Yellow_Mat.mat
  artifactKey: Guid(bd2d742ee2ce7a740ae0cf992a38be74) Importer(815301076,1909f56bfc062723c751e8b465ee728b)
Start importing Assets/ExampleAssets/Materials/Plastic_Yellow_Mat.mat using Guid(bd2d742ee2ce7a740ae0cf992a38be74) Importer(815301076,1909f56bfc062723c751e8b465ee728b)  -> (artifact id: 'e0aea970df37e5b06ea24b2775ed3d76') in 0.015365 seconds 
========================================================================
Received Import Request.
  Time since last request: 0.000241 seconds.
  path: Assets/ExampleAssets/Materials/Plastic_Gray_Mat.mat
  artifactKey: Guid(4dad30bbe2213eb4d8312f7bb6190866) Importer(815301076,1909f56bfc062723c751e8b465ee728b)
Start importing Assets/ExampleAssets/Materials/Plastic_Gray_Mat.mat using Guid(4dad30bbe2213eb4d8312f7bb6190866) Importer(815301076,1909f56bfc062723c751e8b465ee728b)  -> (artifact id: '23117dde90db9f21084cd1fc1c8e73a5') in 0.015097 seconds 
========================================================================
Received Import Request.
  Time since last request: 0.000216 seconds.
  path: Assets/ExampleAssets/Materials/PaintLabel_Mat.mat
  artifactKey: Guid(3da4aad06945bbf4baf801c2aacbc01e) Importer(815301076,1909f56bfc062723c751e8b465ee728b)
Start importing Assets/ExampleAssets/Materials/PaintLabel_Mat.mat using Guid(3da4aad06945bbf4baf801c2aacbc01e) Importer(815301076,1909f56bfc062723c751e8b465ee728b)  -> (artifact id: 'ca01ceb4eb556d0ed358bd3991acbb79') in 0.015698 seconds 
========================================================================
Received Import Request.
  Time since last request: 0.000249 seconds.
  path: Assets/ExampleAssets/Materials/LightBulb_Mat.mat
  artifactKey: Guid(ec739259ec61f5d4ba3ed6d34fd802a6) Importer(815301076,1909f56bfc062723c751e8b465ee728b)
Start importing Assets/ExampleAssets/Materials/LightBulb_Mat.mat using Guid(ec739259ec61f5d4ba3ed6d34fd802a6) Importer(815301076,1909f56bfc062723c751e8b465ee728b)  -> (artifact id: '16bd56895243f1849c927727dca3c5ec') in 0.014618 seconds 
========================================================================
Received Import Request.
  Time since last request: 0.000263 seconds.
  path: Assets/ExampleAssets/Materials/HardHat_Mat.mat
  artifactKey: Guid(e93789f0a5d66df4a81613935579642b) Importer(815301076,1909f56bfc062723c751e8b465ee728b)
Start importing Assets/ExampleAssets/Materials/HardHat_Mat.mat using Guid(e93789f0a5d66df4a81613935579642b) Importer(815301076,1909f56bfc062723c751e8b465ee728b)  -> (artifact id: '91eafd76554888f5da6e92d2f2188cc7') in 0.017742 seconds 
========================================================================
Received Import Request.
  Time since last request: 0.000242 seconds.
  path: Assets/ExampleAssets/Materials/Plastic_Black_Mat.mat
  artifactKey: Guid(e745492728544aa488aa0429b6068e71) Importer(815301076,1909f56bfc062723c751e8b465ee728b)
Start importing Assets/ExampleAssets/Materials/Plastic_Black_Mat.mat using Guid(e745492728544aa488aa0429b6068e71) Importer(815301076,1909f56bfc062723c751e8b465ee728b)  -> (artifact id: 'de61db4033a54834e2c2cf435677b20a') in 0.016521 seconds 
========================================================================
Received Import Request.
  Time since last request: 0.000214 seconds.
  path: Assets/ExampleAssets/Materials/DryWallPainted_Mat.mat
  artifactKey: Guid(9b8eadc4de0544646b75ddcc43f8fd06) Importer(815301076,1909f56bfc062723c751e8b465ee728b)
Start importing Assets/ExampleAssets/Materials/DryWallPainted_Mat.mat using Guid(9b8eadc4de0544646b75ddcc43f8fd06) Importer(815301076,1909f56bfc062723c751e8b465ee728b)  -> (artifact id: 'b2a1ae2fcf0a684f0876ac256893b18a') in 0.015476 seconds 
========================================================================
Received Import Request.
  Time since last request: 0.000210 seconds.
  path: Assets/ExampleAssets/Materials/Plastic_Ridges_Mat.mat
  artifactKey: Guid(c05de7c865075334786e6a47a543af72) Importer(815301076,1909f56bfc062723c751e8b465ee728b)
Start importing Assets/ExampleAssets/Materials/Plastic_Ridges_Mat.mat using Guid(c05de7c865075334786e6a47a543af72) Importer(815301076,1909f56bfc062723c751e8b465ee728b)  -> (artifact id: '68f6dfe0076d024dda000f84058488aa') in 0.014773 seconds 
========================================================================
Received Import Request.
  Time since last request: 0.000206 seconds.
  path: Assets/ExampleAssets/Materials/Metal_Blue_Simple_Mat.mat
  artifactKey: Guid(cd71291c91c8cce499cb663b5db9970e) Importer(815301076,1909f56bfc062723c751e8b465ee728b)
Start importing Assets/ExampleAssets/Materials/Metal_Blue_Simple_Mat.mat using Guid(cd71291c91c8cce499cb663b5db9970e) Importer(815301076,1909f56bfc062723c751e8b465ee728b)  -> (artifact id: '5c65ca50b40a8f1a41e0bc0bc48043b2') in 0.016917 seconds 
========================================================================
Received Import Request.
  Time since last request: 0.000281 seconds.
  path: Assets/ExampleAssets/Materials/Paint1G_WAnim_Material.mat
  artifactKey: Guid(55c183dc45153be48a45c4e530127fb3) Importer(815301076,1909f56bfc062723c751e8b465ee728b)
Start importing Assets/ExampleAssets/Materials/Paint1G_WAnim_Material.mat using Guid(55c183dc45153be48a45c4e530127fb3) Importer(815301076,1909f56bfc062723c751e8b465ee728b)  -> (artifact id: '2eaca86f739e7605c6d99ff1761804de') in 0.021128 seconds 
========================================================================
Received Import Request.
  Time since last request: 0.000229 seconds.
  path: Assets/ExampleAssets/Materials/Plastic_White_Mat.mat
  artifactKey: Guid(6cfe423139c361a459da7ed9831d4b1c) Importer(815301076,1909f56bfc062723c751e8b465ee728b)
Start importing Assets/ExampleAssets/Materials/Plastic_White_Mat.mat using Guid(6cfe423139c361a459da7ed9831d4b1c) Importer(815301076,1909f56bfc062723c751e8b465ee728b)  -> (artifact id: '6b844c92f2d1db720ee5117df0c6da6d') in 0.015234 seconds 
========================================================================
Received Import Request.
  Time since last request: 0.000331 seconds.
  path: Assets/ExampleAssets/Materials/Liquid_Mat.mat
  artifactKey: Guid(c532880e607f8c84d8b9bf0c46a522ad) Importer(815301076,1909f56bfc062723c751e8b465ee728b)
Start importing Assets/ExampleAssets/Materials/Liquid_Mat.mat using Guid(c532880e607f8c84d8b9bf0c46a522ad) Importer(815301076,1909f56bfc062723c751e8b465ee728b)  -> (artifact id: '63647ad075e08b931d1013830733741b') in 0.014383 seconds 
========================================================================
Received Import Request.
  Time since last request: 0.000214 seconds.
  path: Assets/ExampleAssets/Materials/OBS_Mat.mat
  artifactKey: Guid(c438e5c679f1be040a135443008e2fce) Importer(815301076,1909f56bfc062723c751e8b465ee728b)
Start importing Assets/ExampleAssets/Materials/OBS_Mat.mat using Guid(c438e5c679f1be040a135443008e2fce) Importer(815301076,1909f56bfc062723c751e8b465ee728b)  -> (artifact id: '43319c7fede9b147dfdc03bbdb9dd688') in 0.016625 seconds 
========================================================================
Received Import Request.
  Time since last request: 0.000243 seconds.
  path: Assets/ExampleAssets/Materials/PaintBrush_Mat.mat
  artifactKey: Guid(539165557a9d3744680bb21164bea45e) Importer(815301076,1909f56bfc062723c751e8b465ee728b)
Start importing Assets/ExampleAssets/Materials/PaintBrush_Mat.mat using Guid(539165557a9d3744680bb21164bea45e) Importer(815301076,1909f56bfc062723c751e8b465ee728b)  -> (artifact id: '2b4176b07b09406cbc00e0943cf2df4e') in 0.015169 seconds 
========================================================================
Received Import Request.
  Time since last request: 0.000220 seconds.
  path: Assets/ExampleAssets/Materials/Stud_Mat.mat
  artifactKey: Guid(027cb3d3d7dc79d41ad763e01759de07) Importer(815301076,1909f56bfc062723c751e8b465ee728b)
Start importing Assets/ExampleAssets/Materials/Stud_Mat.mat using Guid(027cb3d3d7dc79d41ad763e01759de07) Importer(815301076,1909f56bfc062723c751e8b465ee728b)  -> (artifact id: '148c8c44127857bd68a2fa0cbb860f6a') in 0.015336 seconds 
